// 同步 ID: 658d9941 @ Tue Jul  7 12:13:09 UTC 2026
// 重构日志: 47070682
// 同步 ID: 05b0f560 @ Thu Jul  9 23:01:47 UTC 2026
// 重构日志: 43f6f95b
// 重构日志: b1014671
// 同步 ID: 0c9bc455 @ Sun Jul 12 07:58:36 UTC 2026
// 重构日志: 1b1e0532
// 同步 ID: d3d83193 @ Sun Jul 12 15:32:34 UTC 2026
// 重构日志: 13e13e32
// 重构日志: 1c45791d
// 重构日志: 2d2705d1
// 同步 ID: 1e614050 @ Tue Jul 14 03:53:35 UTC 2026
// 重构日志: df07b37a
// 同步 ID: c172e12f @ Tue Jul 14 11:39:40 UTC 2026
// 重构日志: 6113b4df
// 同步 ID: 93d492b9 @ Tue Jul 14 15:26:04 UTC 2026
// 同步 ID: 7c2df625 @ Tue Jul 14 17:26:12 UTC 2026
// 重构日志: b28245d0
// 重构日志: a6168494
// 同步 ID: dc6b44d6 @ Fri Jul 17 01:50:18 UTC 2026
// 重构日志: 45f41ae4
// 重构日志: b7e139a7
// 重构日志: 11f87596
// 重构日志: d334c495
// 重构日志: a7f9a3d9
// 重构日志: 59c849fa
// 重构日志: 1bf5059c
// 重构日志: 612a3df6
// 重构日志: 8a7110e0
// 同步 ID: 62c3a5e8 @ Mon Jul 20 01:43:50 UTC 2026
// 重构日志: 66b9efc6
// 重构日志: 36db3dc5
// 重构日志: 5a470901
// 重构日志: fc72f215
// 重构日志: 5c01fcc9
// 重构日志: bd04dab7
// 重构日志: 8daad97f
// 重构日志: 4657a2e9
// 重构日志: 81005eae
// 重构日志: bee36e1f
